09:52:10.779 karate.env system property was: null 
09:52:11.330 request:
1 > POST https://petstore.swagger.io/v2/pet
1 > Accept-Encoding: gzip,deflate
1 > Connection: Keep-Alive
1 > Content-Length: 180
1 > Content-Type: application/json; charset=UTF-8
1 > Host: petstore.swagger.io
1 > User-Agent: Apache-HttpClient/4.5.5 (Java/1.8.0_131)
{"id":1,"category":{"id":1,"name":"Pug"},"name":"Charlie","photoUrls":["https://giphy.com/gifs/puppy-high-five-o22WjU9bIgFWM"],"tags":[{"id":0,"name":"dog1"}],"status":"available"}

09:52:12.763 response time in milliseconds: 1428.45
1 < 200
1 < Access-Control-Allow-Headers: Content-Type, api_key, Authorization
1 < Access-Control-Allow-Methods: GET, POST, DELETE, PUT
1 < Access-Control-Allow-Origin: *
1 < Connection: close
1 < Content-Type: application/json
1 < Date: Tue, 29 Jan 2019 22:52:12 GMT
1 < Server: Jetty(9.2.9.v20150224)
{"id":1,"category":{"id":1,"name":"Pug"},"name":"Charlie","photoUrls":["https://giphy.com/gifs/puppy-high-five-o22WjU9bIgFWM"],"tags":[{"id":0,"name":"dog1"}],"status":"available"}

