16:05:47.153 [main] INFO  com.intuit.karate - karate.env system property was: null 
16:05:47.545 [main] DEBUG com.intuit.karate - request:
1 > POST https://petstore.swagger.io/v2/pet
1 > Accept-Encoding: gzip,deflate
1 > Connection: Keep-Alive
1 > Content-Length: 180
1 > Content-Type: application/json; charset=UTF-8
1 > Host: petstore.swagger.io
1 > User-Agent: Apache-HttpClient/4.5.5 (Java/1.8.0_131)
{"id":1,"category":{"id":1,"name":"Pug"},"name":"Charlie","photoUrls":["https://giphy.com/gifs/puppy-high-five-o22WjU9bIgFWM"],"tags":[{"id":0,"name":"dog1"}],"status":"available"}

16:05:49.359 [main] DEBUG com.intuit.karate - response time in milliseconds: 1811.22
1 < 200
1 < Access-Control-Allow-Headers: Content-Type, api_key, Authorization
1 < Access-Control-Allow-Methods: GET, POST, DELETE, PUT
1 < Access-Control-Allow-Origin: *
1 < Connection: close
1 < Content-Type: application/json
1 < Date: Fri, 25 Jan 2019 05:05:49 GMT
1 < Server: Jetty(9.2.9.v20150224)
{"id":1,"category":{"id":1,"name":"Pug"},"name":"Charlie","photoUrls":["https://giphy.com/gifs/puppy-high-five-o22WjU9bIgFWM"],"tags":[{"id":0,"name":"dog1"}],"status":"available"}

16:05:49.366 [main] INFO  com.intuit.karate - karate.env system property was: null 
16:05:49.367 [main] DEBUG com.intuit.karate - request:
1 > PUT https://petstore.swagger.io/v2/pet
1 > Accept-Encoding: gzip,deflate
1 > Connection: Keep-Alive
1 > Content-Length: 188
1 > Content-Type: application/json; charset=UTF-8
1 > Host: petstore.swagger.io
1 > User-Agent: Apache-HttpClient/4.5.5 (Java/1.8.0_131)
{"id":1,"category":{"id":1,"name":"Pug"},"name":"Charlie Chaplin","photoUrls":["https://giphy.com/gifs/puppy-high-five-o22WjU9bIgFWM"],"tags":[{"id":0,"name":"dog1"}],"status":"available"}

16:05:50.190 [main] DEBUG com.intuit.karate - response time in milliseconds: 821.18
1 < 200
1 < Access-Control-Allow-Headers: Content-Type, api_key, Authorization
1 < Access-Control-Allow-Methods: GET, POST, DELETE, PUT
1 < Access-Control-Allow-Origin: *
1 < Connection: close
1 < Content-Type: application/json
1 < Date: Fri, 25 Jan 2019 05:05:50 GMT
1 < Server: Jetty(9.2.9.v20150224)
{"id":1,"category":{"id":1,"name":"Pug"},"name":"Charlie Chaplin","photoUrls":["https://giphy.com/gifs/puppy-high-five-o22WjU9bIgFWM"],"tags":[{"id":0,"name":"dog1"}],"status":"available"}

16:05:50.208 [main] INFO  com.intuit.karate - karate.env system property was: null 
16:05:50.211 [main] DEBUG com.intuit.karate - request:
1 > GET https://petstore.swagger.io/v2/pet/1
1 > Accept-Encoding: gzip,deflate
1 > Connection: Keep-Alive
1 > Host: petstore.swagger.io
1 > User-Agent: Apache-HttpClient/4.5.5 (Java/1.8.0_131)

16:05:50.879 [main] DEBUG com.intuit.karate - response time in milliseconds: 667.04
1 < 200
1 < Access-Control-Allow-Headers: Content-Type, api_key, Authorization
1 < Access-Control-Allow-Methods: GET, POST, DELETE, PUT
1 < Access-Control-Allow-Origin: *
1 < Connection: close
1 < Content-Type: application/json
1 < Date: Fri, 25 Jan 2019 05:05:51 GMT
1 < Server: Jetty(9.2.9.v20150224)
{"id":1,"category":{"id":1,"name":"Pug"},"name":"Charlie Chaplin","photoUrls":["https://giphy.com/gifs/puppy-high-five-o22WjU9bIgFWM"],"tags":[{"id":0,"name":"dog1"}],"status":"available"}

16:06:51.860 [main] INFO  com.intuit.karate - karate.env system property was: null 
16:06:52.195 [main] DEBUG com.intuit.karate - request:
1 > POST https://petstore.swagger.io/v2/pet
1 > Accept-Encoding: gzip,deflate
1 > Connection: Keep-Alive
1 > Content-Length: 180
1 > Content-Type: application/json; charset=UTF-8
1 > Host: petstore.swagger.io
1 > User-Agent: Apache-HttpClient/4.5.5 (Java/1.8.0_131)
{"id":1,"category":{"id":1,"name":"Pug"},"name":"Charlie","photoUrls":["https://giphy.com/gifs/puppy-high-five-o22WjU9bIgFWM"],"tags":[{"id":0,"name":"dog1"}],"status":"available"}

16:06:53.668 [main] DEBUG com.intuit.karate - response time in milliseconds: 1468.41
1 < 200
1 < Access-Control-Allow-Headers: Content-Type, api_key, Authorization
1 < Access-Control-Allow-Methods: GET, POST, DELETE, PUT
1 < Access-Control-Allow-Origin: *
1 < Connection: close
1 < Content-Type: application/json
1 < Date: Fri, 25 Jan 2019 05:06:54 GMT
1 < Server: Jetty(9.2.9.v20150224)
{"id":1,"category":{"id":1,"name":"Pug"},"name":"Charlie","photoUrls":["https://giphy.com/gifs/puppy-high-five-o22WjU9bIgFWM"],"tags":[{"id":0,"name":"dog1"}],"status":"available"}

16:06:53.676 [main] INFO  com.intuit.karate - karate.env system property was: null 
16:06:53.679 [main] DEBUG com.intuit.karate - request:
1 > PUT https://petstore.swagger.io/v2/pet
1 > Accept-Encoding: gzip,deflate
1 > Connection: Keep-Alive
1 > Content-Length: 188
1 > Content-Type: application/json; charset=UTF-8
1 > Host: petstore.swagger.io
1 > User-Agent: Apache-HttpClient/4.5.5 (Java/1.8.0_131)
{"id":1,"category":{"id":1,"name":"Pug"},"name":"Charlie Chaplin","photoUrls":["https://giphy.com/gifs/puppy-high-five-o22WjU9bIgFWM"],"tags":[{"id":0,"name":"dog1"}],"status":"available"}

16:06:54.504 [main] DEBUG com.intuit.karate - response time in milliseconds: 823.77
1 < 200
1 < Access-Control-Allow-Headers: Content-Type, api_key, Authorization
1 < Access-Control-Allow-Methods: GET, POST, DELETE, PUT
1 < Access-Control-Allow-Origin: *
1 < Connection: close
1 < Content-Type: application/json
1 < Date: Fri, 25 Jan 2019 05:06:55 GMT
1 < Server: Jetty(9.2.9.v20150224)
{"id":1,"category":{"id":1,"name":"Pug"},"name":"Charlie Chaplin","photoUrls":["https://giphy.com/gifs/puppy-high-five-o22WjU9bIgFWM"],"tags":[{"id":0,"name":"dog1"}],"status":"available"}

16:06:54.520 [main] INFO  com.intuit.karate - karate.env system property was: null 
16:06:54.524 [main] DEBUG com.intuit.karate - request:
1 > GET https://petstore.swagger.io/v2/pet/1
1 > Accept-Encoding: gzip,deflate
1 > Connection: Keep-Alive
1 > Host: petstore.swagger.io
1 > User-Agent: Apache-HttpClient/4.5.5 (Java/1.8.0_131)

16:06:55.187 [main] DEBUG com.intuit.karate - response time in milliseconds: 662.76
1 < 200
1 < Access-Control-Allow-Headers: Content-Type, api_key, Authorization
1 < Access-Control-Allow-Methods: GET, POST, DELETE, PUT
1 < Access-Control-Allow-Origin: *
1 < Connection: close
1 < Content-Type: application/json
1 < Date: Fri, 25 Jan 2019 05:06:55 GMT
1 < Server: Jetty(9.2.9.v20150224)
{"id":1,"category":{"id":1,"name":"Pug"},"name":"Charlie Chaplin","photoUrls":["https://giphy.com/gifs/puppy-high-five-o22WjU9bIgFWM"],"tags":[{"id":0,"name":"dog1"}],"status":"available"}

16:08:17.357 [main] INFO  com.intuit.karate - karate.env system property was: null 
16:08:17.681 [main] DEBUG com.intuit.karate - request:
1 > POST https://petstore.swagger.io/v2/pet
1 > Accept-Encoding: gzip,deflate
1 > Connection: Keep-Alive
1 > Content-Length: 180
1 > Content-Type: application/json; charset=UTF-8
1 > Host: petstore.swagger.io
1 > User-Agent: Apache-HttpClient/4.5.5 (Java/1.8.0_131)
{"id":1,"category":{"id":1,"name":"Pug"},"name":"Charlie","photoUrls":["https://giphy.com/gifs/puppy-high-five-o22WjU9bIgFWM"],"tags":[{"id":0,"name":"dog1"}],"status":"available"}

16:08:19.069 [main] DEBUG com.intuit.karate - response time in milliseconds: 1385.28
1 < 200
1 < Access-Control-Allow-Headers: Content-Type, api_key, Authorization
1 < Access-Control-Allow-Methods: GET, POST, DELETE, PUT
1 < Access-Control-Allow-Origin: *
1 < Connection: close
1 < Content-Type: application/json
1 < Date: Fri, 25 Jan 2019 05:08:19 GMT
1 < Server: Jetty(9.2.9.v20150224)
{"id":1,"category":{"id":1,"name":"Pug"},"name":"Charlie","photoUrls":["https://giphy.com/gifs/puppy-high-five-o22WjU9bIgFWM"],"tags":[{"id":0,"name":"dog1"}],"status":"available"}

16:08:19.077 [main] INFO  com.intuit.karate - karate.env system property was: null 
16:08:19.079 [main] DEBUG com.intuit.karate - request:
1 > PUT https://petstore.swagger.io/v2/pet
1 > Accept-Encoding: gzip,deflate
1 > Connection: Keep-Alive
1 > Content-Length: 188
1 > Content-Type: application/json; charset=UTF-8
1 > Host: petstore.swagger.io
1 > User-Agent: Apache-HttpClient/4.5.5 (Java/1.8.0_131)
{"id":1,"category":{"id":1,"name":"Pug"},"name":"Charlie Chaplin","photoUrls":["https://giphy.com/gifs/puppy-high-five-o22WjU9bIgFWM"],"tags":[{"id":0,"name":"dog1"}],"status":"available"}

16:08:19.741 [main] DEBUG com.intuit.karate - response time in milliseconds: 661.22
1 < 200
1 < Access-Control-Allow-Headers: Content-Type, api_key, Authorization
1 < Access-Control-Allow-Methods: GET, POST, DELETE, PUT
1 < Access-Control-Allow-Origin: *
1 < Connection: close
1 < Content-Type: application/json
1 < Date: Fri, 25 Jan 2019 05:08:20 GMT
1 < Server: Jetty(9.2.9.v20150224)
{"id":1,"category":{"id":1,"name":"Pug"},"name":"Charlie Chaplin","photoUrls":["https://giphy.com/gifs/puppy-high-five-o22WjU9bIgFWM"],"tags":[{"id":0,"name":"dog1"}],"status":"available"}

16:08:19.756 [main] INFO  com.intuit.karate - karate.env system property was: null 
16:08:19.762 [main] DEBUG com.intuit.karate - request:
1 > GET https://petstore.swagger.io/v2/pet/1
1 > Accept-Encoding: gzip,deflate
1 > Connection: Keep-Alive
1 > Host: petstore.swagger.io
1 > User-Agent: Apache-HttpClient/4.5.5 (Java/1.8.0_131)

16:08:20.493 [main] DEBUG com.intuit.karate - response time in milliseconds: 730.23
1 < 200
1 < Access-Control-Allow-Headers: Content-Type, api_key, Authorization
1 < Access-Control-Allow-Methods: GET, POST, DELETE, PUT
1 < Access-Control-Allow-Origin: *
1 < Connection: close
1 < Content-Type: application/json
1 < Date: Fri, 25 Jan 2019 05:08:20 GMT
1 < Server: Jetty(9.2.9.v20150224)
{"id":1,"category":{"id":1,"name":"Pug"},"name":"Charlie Chaplin","photoUrls":["https://giphy.com/gifs/puppy-high-five-o22WjU9bIgFWM"],"tags":[{"id":0,"name":"dog1"}],"status":"available"}

16:10:21.475 [main] INFO  com.intuit.karate - karate.env system property was: null 
16:10:21.825 [main] DEBUG com.intuit.karate - request:
1 > POST https://petstore.swagger.io/v2/pet
1 > Accept-Encoding: gzip,deflate
1 > Connection: Keep-Alive
1 > Content-Length: 180
1 > Content-Type: application/json; charset=UTF-8
1 > Host: petstore.swagger.io
1 > User-Agent: Apache-HttpClient/4.5.5 (Java/1.8.0_131)
{"id":1,"category":{"id":1,"name":"Pug"},"name":"Charlie","photoUrls":["https://giphy.com/gifs/puppy-high-five-o22WjU9bIgFWM"],"tags":[{"id":0,"name":"dog1"}],"status":"available"}

16:10:23.083 [main] DEBUG com.intuit.karate - response time in milliseconds: 1255.43
1 < 200
1 < Access-Control-Allow-Headers: Content-Type, api_key, Authorization
1 < Access-Control-Allow-Methods: GET, POST, DELETE, PUT
1 < Access-Control-Allow-Origin: *
1 < Connection: close
1 < Content-Type: application/json
1 < Date: Fri, 25 Jan 2019 05:10:23 GMT
1 < Server: Jetty(9.2.9.v20150224)
{"id":1,"category":{"id":1,"name":"Pug"},"name":"Charlie","photoUrls":["https://giphy.com/gifs/puppy-high-five-o22WjU9bIgFWM"],"tags":[{"id":0,"name":"dog1"}],"status":"available"}

16:10:23.090 [main] INFO  com.intuit.karate - karate.env system property was: null 
16:10:23.092 [main] DEBUG com.intuit.karate - request:
1 > PUT https://petstore.swagger.io/v2/pet
1 > Accept-Encoding: gzip,deflate
1 > Connection: Keep-Alive
1 > Content-Length: 188
1 > Content-Type: application/json; charset=UTF-8
1 > Host: petstore.swagger.io
1 > User-Agent: Apache-HttpClient/4.5.5 (Java/1.8.0_131)
{"id":1,"category":{"id":1,"name":"Pug"},"name":"Charlie Chaplin","photoUrls":["https://giphy.com/gifs/puppy-high-five-o22WjU9bIgFWM"],"tags":[{"id":0,"name":"dog1"}],"status":"available"}

16:10:23.803 [main] DEBUG com.intuit.karate - response time in milliseconds: 709.90
1 < 200
1 < Access-Control-Allow-Headers: Content-Type, api_key, Authorization
1 < Access-Control-Allow-Methods: GET, POST, DELETE, PUT
1 < Access-Control-Allow-Origin: *
1 < Connection: close
1 < Content-Type: application/json
1 < Date: Fri, 25 Jan 2019 05:10:24 GMT
1 < Server: Jetty(9.2.9.v20150224)
{"id":1,"category":{"id":1,"name":"Pug"},"name":"Charlie Chaplin","photoUrls":["https://giphy.com/gifs/puppy-high-five-o22WjU9bIgFWM"],"tags":[{"id":0,"name":"dog1"}],"status":"available"}

16:10:23.819 [main] INFO  com.intuit.karate - karate.env system property was: null 
16:10:23.825 [main] DEBUG com.intuit.karate - request:
1 > GET https://petstore.swagger.io/v2/pet/1
1 > Accept-Encoding: gzip,deflate
1 > Connection: Keep-Alive
1 > Host: petstore.swagger.io
1 > User-Agent: Apache-HttpClient/4.5.5 (Java/1.8.0_131)

16:10:24.484 [main] DEBUG com.intuit.karate - response time in milliseconds: 658.07
1 < 200
1 < Access-Control-Allow-Headers: Content-Type, api_key, Authorization
1 < Access-Control-Allow-Methods: GET, POST, DELETE, PUT
1 < Access-Control-Allow-Origin: *
1 < Connection: close
1 < Content-Type: application/json
1 < Date: Fri, 25 Jan 2019 05:10:25 GMT
1 < Server: Jetty(9.2.9.v20150224)
{"id":1,"category":{"id":1,"name":"Pug"},"name":"Charlie Chaplin","photoUrls":["https://giphy.com/gifs/puppy-high-five-o22WjU9bIgFWM"],"tags":[{"id":0,"name":"dog1"}],"status":"available"}

16:13:20.673 [main] INFO  com.intuit.karate - karate.env system property was: null 
16:13:21.131 [main] DEBUG com.intuit.karate - request:
1 > POST https://petstore.swagger.io/v2/pet
1 > Accept-Encoding: gzip,deflate
1 > Connection: Keep-Alive
1 > Content-Length: 180
1 > Content-Type: application/json; charset=UTF-8
1 > Host: petstore.swagger.io
1 > User-Agent: Apache-HttpClient/4.5.5 (Java/1.8.0_131)
{"id":1,"category":{"id":1,"name":"Pug"},"name":"Charlie","photoUrls":["https://giphy.com/gifs/puppy-high-five-o22WjU9bIgFWM"],"tags":[{"id":0,"name":"dog1"}],"status":"available"}

16:13:22.554 [main] DEBUG com.intuit.karate - response time in milliseconds: 1419.48
1 < 200
1 < Access-Control-Allow-Headers: Content-Type, api_key, Authorization
1 < Access-Control-Allow-Methods: GET, POST, DELETE, PUT
1 < Access-Control-Allow-Origin: *
1 < Connection: close
1 < Content-Type: application/json
1 < Date: Fri, 25 Jan 2019 05:13:23 GMT
1 < Server: Jetty(9.2.9.v20150224)
{"id":1,"category":{"id":1,"name":"Pug"},"name":"Charlie","photoUrls":["https://giphy.com/gifs/puppy-high-five-o22WjU9bIgFWM"],"tags":[{"id":0,"name":"dog1"}],"status":"available"}

16:13:22.563 [main] INFO  com.intuit.karate - karate.env system property was: null 
16:13:22.568 [main] DEBUG com.intuit.karate - request:
1 > PUT https://petstore.swagger.io/v2/pet
1 > Accept-Encoding: gzip,deflate
1 > Connection: Keep-Alive
1 > Content-Length: 188
1 > Content-Type: application/json; charset=UTF-8
1 > Host: petstore.swagger.io
1 > User-Agent: Apache-HttpClient/4.5.5 (Java/1.8.0_131)
{"id":1,"category":{"id":1,"name":"Pug"},"name":"Charlie Chaplin","photoUrls":["https://giphy.com/gifs/puppy-high-five-o22WjU9bIgFWM"],"tags":[{"id":0,"name":"dog1"}],"status":"available"}

16:13:23.230 [main] DEBUG com.intuit.karate - response time in milliseconds: 662.05
1 < 200
1 < Access-Control-Allow-Headers: Content-Type, api_key, Authorization
1 < Access-Control-Allow-Methods: GET, POST, DELETE, PUT
1 < Access-Control-Allow-Origin: *
1 < Connection: close
1 < Content-Type: application/json
1 < Date: Fri, 25 Jan 2019 05:13:23 GMT
1 < Server: Jetty(9.2.9.v20150224)
{"id":1,"category":{"id":1,"name":"Pug"},"name":"Charlie Chaplin","photoUrls":["https://giphy.com/gifs/puppy-high-five-o22WjU9bIgFWM"],"tags":[{"id":0,"name":"dog1"}],"status":"available"}

16:13:23.241 [main] INFO  com.intuit.karate - karate.env system property was: null 
16:13:23.247 [main] DEBUG com.intuit.karate - request:
1 > GET https://petstore.swagger.io/v2/pet/1
1 > Accept-Encoding: gzip,deflate
1 > Connection: Keep-Alive
1 > Host: petstore.swagger.io
1 > User-Agent: Apache-HttpClient/4.5.5 (Java/1.8.0_131)

16:13:23.906 [main] DEBUG com.intuit.karate - response time in milliseconds: 658.48
1 < 200
1 < Access-Control-Allow-Headers: Content-Type, api_key, Authorization
1 < Access-Control-Allow-Methods: GET, POST, DELETE, PUT
1 < Access-Control-Allow-Origin: *
1 < Connection: close
1 < Content-Type: application/json
1 < Date: Fri, 25 Jan 2019 05:13:24 GMT
1 < Server: Jetty(9.2.9.v20150224)
{"id":1,"category":{"id":1,"name":"Pug"},"name":"Charlie Chaplin","photoUrls":["https://giphy.com/gifs/puppy-high-five-o22WjU9bIgFWM"],"tags":[{"id":0,"name":"dog1"}],"status":"available"}

16:14:32.101 [main] INFO  com.intuit.karate - karate.env system property was: null 
16:14:32.409 [main] DEBUG com.intuit.karate - request:
1 > POST https://petstore.swagger.io/v2/pet
1 > Accept-Encoding: gzip,deflate
1 > Connection: Keep-Alive
1 > Content-Length: 180
1 > Content-Type: application/json; charset=UTF-8
1 > Host: petstore.swagger.io
1 > User-Agent: Apache-HttpClient/4.5.5 (Java/1.8.0_131)
{"id":1,"category":{"id":1,"name":"Pug"},"name":"Charlie","photoUrls":["https://giphy.com/gifs/puppy-high-five-o22WjU9bIgFWM"],"tags":[{"id":0,"name":"dog1"}],"status":"available"}

16:14:33.487 [main] DEBUG com.intuit.karate - response time in milliseconds: 1074.94
1 < 200
1 < Access-Control-Allow-Headers: Content-Type, api_key, Authorization
1 < Access-Control-Allow-Methods: GET, POST, DELETE, PUT
1 < Access-Control-Allow-Origin: *
1 < Connection: close
1 < Content-Type: application/json
1 < Date: Fri, 25 Jan 2019 05:14:34 GMT
1 < Server: Jetty(9.2.9.v20150224)
{"id":1,"category":{"id":1,"name":"Pug"},"name":"Charlie","photoUrls":["https://giphy.com/gifs/puppy-high-five-o22WjU9bIgFWM"],"tags":[{"id":0,"name":"dog1"}],"status":"available"}

16:14:33.499 [main] INFO  com.intuit.karate - karate.env system property was: null 
16:14:33.501 [main] DEBUG com.intuit.karate - request:
1 > PUT https://petstore.swagger.io/v2/pet
1 > Accept-Encoding: gzip,deflate
1 > Connection: Keep-Alive
1 > Content-Length: 188
1 > Content-Type: application/json; charset=UTF-8
1 > Host: petstore.swagger.io
1 > User-Agent: Apache-HttpClient/4.5.5 (Java/1.8.0_131)
{"id":1,"category":{"id":1,"name":"Pug"},"name":"Charlie Chaplin","photoUrls":["https://giphy.com/gifs/puppy-high-five-o22WjU9bIgFWM"],"tags":[{"id":0,"name":"dog1"}],"status":"available"}

16:14:34.166 [main] DEBUG com.intuit.karate - response time in milliseconds: 664.50
1 < 200
1 < Access-Control-Allow-Headers: Content-Type, api_key, Authorization
1 < Access-Control-Allow-Methods: GET, POST, DELETE, PUT
1 < Access-Control-Allow-Origin: *
1 < Connection: close
1 < Content-Type: application/json
1 < Date: Fri, 25 Jan 2019 05:14:34 GMT
1 < Server: Jetty(9.2.9.v20150224)
{"id":1,"category":{"id":1,"name":"Pug"},"name":"Charlie Chaplin","photoUrls":["https://giphy.com/gifs/puppy-high-five-o22WjU9bIgFWM"],"tags":[{"id":0,"name":"dog1"}],"status":"available"}

16:14:34.178 [main] INFO  com.intuit.karate - karate.env system property was: null 
16:14:34.182 [main] DEBUG com.intuit.karate - request:
1 > GET https://petstore.swagger.io/v2/pet/1
1 > Accept-Encoding: gzip,deflate
1 > Connection: Keep-Alive
1 > Host: petstore.swagger.io
1 > User-Agent: Apache-HttpClient/4.5.5 (Java/1.8.0_131)

16:14:34.872 [main] DEBUG com.intuit.karate - response time in milliseconds: 689.26
1 < 200
1 < Access-Control-Allow-Headers: Content-Type, api_key, Authorization
1 < Access-Control-Allow-Methods: GET, POST, DELETE, PUT
1 < Access-Control-Allow-Origin: *
1 < Connection: close
1 < Content-Type: application/json
1 < Date: Fri, 25 Jan 2019 05:14:35 GMT
1 < Server: Jetty(9.2.9.v20150224)
{"id":1,"category":{"id":1,"name":"Pug"},"name":"Charlie Chaplin","photoUrls":["https://giphy.com/gifs/puppy-high-five-o22WjU9bIgFWM"],"tags":[{"id":0,"name":"dog1"}],"status":"available"}

16:14:52.696 [main] INFO  com.intuit.karate - karate.env system property was: null 
16:14:52.991 [main] DEBUG com.intuit.karate - request:
1 > POST https://petstore.swagger.io/v2/pet
1 > Accept-Encoding: gzip,deflate
1 > Connection: Keep-Alive
1 > Content-Length: 180
1 > Content-Type: application/json; charset=UTF-8
1 > Host: petstore.swagger.io
1 > User-Agent: Apache-HttpClient/4.5.5 (Java/1.8.0_131)
{"id":1,"category":{"id":1,"name":"Pug"},"name":"Charlie","photoUrls":["https://giphy.com/gifs/puppy-high-five-o22WjU9bIgFWM"],"tags":[{"id":0,"name":"dog1"}],"status":"available"}

16:14:54.302 [main] DEBUG com.intuit.karate - response time in milliseconds: 1307.77
1 < 200
1 < Access-Control-Allow-Headers: Content-Type, api_key, Authorization
1 < Access-Control-Allow-Methods: GET, POST, DELETE, PUT
1 < Access-Control-Allow-Origin: *
1 < Connection: close
1 < Content-Type: application/json
1 < Date: Fri, 25 Jan 2019 05:14:54 GMT
1 < Server: Jetty(9.2.9.v20150224)
{"id":1,"category":{"id":1,"name":"Pug"},"name":"Charlie","photoUrls":["https://giphy.com/gifs/puppy-high-five-o22WjU9bIgFWM"],"tags":[{"id":0,"name":"dog1"}],"status":"available"}

16:14:54.308 [main] INFO  com.intuit.karate - karate.env system property was: null 
16:14:54.310 [main] DEBUG com.intuit.karate - request:
1 > PUT https://petstore.swagger.io/v2/pet
1 > Accept-Encoding: gzip,deflate
1 > Connection: Keep-Alive
1 > Content-Length: 188
1 > Content-Type: application/json; charset=UTF-8
1 > Host: petstore.swagger.io
1 > User-Agent: Apache-HttpClient/4.5.5 (Java/1.8.0_131)
{"id":1,"category":{"id":1,"name":"Pug"},"name":"Charlie Chaplin","photoUrls":["https://giphy.com/gifs/puppy-high-five-o22WjU9bIgFWM"],"tags":[{"id":0,"name":"dog1"}],"status":"available"}

16:14:55.163 [main] DEBUG com.intuit.karate - response time in milliseconds: 852.22
1 < 200
1 < Access-Control-Allow-Headers: Content-Type, api_key, Authorization
1 < Access-Control-Allow-Methods: GET, POST, DELETE, PUT
1 < Access-Control-Allow-Origin: *
1 < Connection: close
1 < Content-Type: application/json
1 < Date: Fri, 25 Jan 2019 05:14:55 GMT
1 < Server: Jetty(9.2.9.v20150224)
{"id":1,"category":{"id":1,"name":"Pug"},"name":"Charlie Chaplin","photoUrls":["https://giphy.com/gifs/puppy-high-five-o22WjU9bIgFWM"],"tags":[{"id":0,"name":"dog1"}],"status":"available"}

16:14:55.174 [main] INFO  com.intuit.karate - karate.env system property was: null 
16:14:55.179 [main] DEBUG com.intuit.karate - request:
1 > GET https://petstore.swagger.io/v2/pet/1
1 > Accept-Encoding: gzip,deflate
1 > Connection: Keep-Alive
1 > Host: petstore.swagger.io
1 > User-Agent: Apache-HttpClient/4.5.5 (Java/1.8.0_131)

16:14:55.836 [main] DEBUG com.intuit.karate - response time in milliseconds: 655.72
1 < 200
1 < Access-Control-Allow-Headers: Content-Type, api_key, Authorization
1 < Access-Control-Allow-Methods: GET, POST, DELETE, PUT
1 < Access-Control-Allow-Origin: *
1 < Connection: close
1 < Content-Type: application/json
1 < Date: Fri, 25 Jan 2019 05:14:56 GMT
1 < Server: Jetty(9.2.9.v20150224)
{"id":1,"category":{"id":1,"name":"Pug"},"name":"Charlie Chaplin","photoUrls":["https://giphy.com/gifs/puppy-high-five-o22WjU9bIgFWM"],"tags":[{"id":0,"name":"dog1"}],"status":"available"}

16:15:21.923 [main] INFO  com.intuit.karate - karate.env system property was: null 
16:15:22.222 [main] DEBUG com.intuit.karate - request:
1 > POST https://petstore.swagger.io/v2/pet
1 > Accept-Encoding: gzip,deflate
1 > Connection: Keep-Alive
1 > Content-Length: 180
1 > Content-Type: application/json; charset=UTF-8
1 > Host: petstore.swagger.io
1 > User-Agent: Apache-HttpClient/4.5.5 (Java/1.8.0_131)
{"id":1,"category":{"id":1,"name":"Pug"},"name":"Charlie","photoUrls":["https://giphy.com/gifs/puppy-high-five-o22WjU9bIgFWM"],"tags":[{"id":0,"name":"dog1"}],"status":"available"}

16:15:23.417 [main] DEBUG com.intuit.karate - response time in milliseconds: 1192.51
1 < 200
1 < Access-Control-Allow-Headers: Content-Type, api_key, Authorization
1 < Access-Control-Allow-Methods: GET, POST, DELETE, PUT
1 < Access-Control-Allow-Origin: *
1 < Connection: close
1 < Content-Type: application/json
1 < Date: Fri, 25 Jan 2019 05:15:23 GMT
1 < Server: Jetty(9.2.9.v20150224)
{"id":1,"category":{"id":1,"name":"Pug"},"name":"Charlie","photoUrls":["https://giphy.com/gifs/puppy-high-five-o22WjU9bIgFWM"],"tags":[{"id":0,"name":"dog1"}],"status":"available"}

16:15:23.426 [main] INFO  com.intuit.karate - karate.env system property was: null 
16:15:23.428 [main] DEBUG com.intuit.karate - request:
1 > PUT https://petstore.swagger.io/v2/pet
1 > Accept-Encoding: gzip,deflate
1 > Connection: Keep-Alive
1 > Content-Length: 188
1 > Content-Type: application/json; charset=UTF-8
1 > Host: petstore.swagger.io
1 > User-Agent: Apache-HttpClient/4.5.5 (Java/1.8.0_131)
{"id":1,"category":{"id":1,"name":"Pug"},"name":"Charlie Chaplin","photoUrls":["https://giphy.com/gifs/puppy-high-five-o22WjU9bIgFWM"],"tags":[{"id":0,"name":"dog1"}],"status":"available"}

16:15:24.250 [main] DEBUG com.intuit.karate - response time in milliseconds: 820.70
1 < 200
1 < Access-Control-Allow-Headers: Content-Type, api_key, Authorization
1 < Access-Control-Allow-Methods: GET, POST, DELETE, PUT
1 < Access-Control-Allow-Origin: *
1 < Connection: close
1 < Content-Type: application/json
1 < Date: Fri, 25 Jan 2019 05:15:24 GMT
1 < Server: Jetty(9.2.9.v20150224)
{"id":1,"category":{"id":1,"name":"Pug"},"name":"Charlie Chaplin","photoUrls":["https://giphy.com/gifs/puppy-high-five-o22WjU9bIgFWM"],"tags":[{"id":0,"name":"dog1"}],"status":"available"}

16:15:24.265 [main] INFO  com.intuit.karate - karate.env system property was: null 
16:15:24.269 [main] DEBUG com.intuit.karate - request:
1 > GET https://petstore.swagger.io/v2/pet/1
1 > Accept-Encoding: gzip,deflate
1 > Connection: Keep-Alive
1 > Host: petstore.swagger.io
1 > User-Agent: Apache-HttpClient/4.5.5 (Java/1.8.0_131)

16:15:24.925 [main] DEBUG com.intuit.karate - response time in milliseconds: 654.30
1 < 200
1 < Access-Control-Allow-Headers: Content-Type, api_key, Authorization
1 < Access-Control-Allow-Methods: GET, POST, DELETE, PUT
1 < Access-Control-Allow-Origin: *
1 < Connection: close
1 < Content-Type: application/json
1 < Date: Fri, 25 Jan 2019 05:15:25 GMT
1 < Server: Jetty(9.2.9.v20150224)
{"id":1,"category":{"id":1,"name":"Pug"},"name":"Charlie Chaplin","photoUrls":["https://giphy.com/gifs/puppy-high-five-o22WjU9bIgFWM"],"tags":[{"id":0,"name":"dog1"}],"status":"available"}

16:17:00.059 [main] INFO  com.intuit.karate - karate.env system property was: null 
16:17:00.448 [main] DEBUG com.intuit.karate - request:
1 > POST https://petstore.swagger.io/v2/pet
1 > Accept-Encoding: gzip,deflate
1 > Connection: Keep-Alive
1 > Content-Length: 180
1 > Content-Type: application/json; charset=UTF-8
1 > Host: petstore.swagger.io
1 > User-Agent: Apache-HttpClient/4.5.5 (Java/1.8.0_131)
{"id":1,"category":{"id":1,"name":"Pug"},"name":"Charlie","photoUrls":["https://giphy.com/gifs/puppy-high-five-o22WjU9bIgFWM"],"tags":[{"id":0,"name":"dog1"}],"status":"available"}

16:17:02.140 [main] DEBUG com.intuit.karate - response time in milliseconds: 1687.24
1 < 200
1 < Access-Control-Allow-Headers: Content-Type, api_key, Authorization
1 < Access-Control-Allow-Methods: GET, POST, DELETE, PUT
1 < Access-Control-Allow-Origin: *
1 < Connection: close
1 < Content-Type: application/json
1 < Date: Fri, 25 Jan 2019 05:17:02 GMT
1 < Server: Jetty(9.2.9.v20150224)
{"id":1,"category":{"id":1,"name":"Pug"},"name":"Charlie","photoUrls":["https://giphy.com/gifs/puppy-high-five-o22WjU9bIgFWM"],"tags":[{"id":0,"name":"dog1"}],"status":"available"}

16:17:02.149 [main] INFO  com.intuit.karate - karate.env system property was: null 
16:17:02.152 [main] DEBUG com.intuit.karate - request:
1 > PUT https://petstore.swagger.io/v2/pet
1 > Accept-Encoding: gzip,deflate
1 > Connection: Keep-Alive
1 > Content-Length: 188
1 > Content-Type: application/json; charset=UTF-8
1 > Host: petstore.swagger.io
1 > User-Agent: Apache-HttpClient/4.5.5 (Java/1.8.0_131)
{"id":1,"category":{"id":1,"name":"Pug"},"name":"Charlie Chaplin","photoUrls":["https://giphy.com/gifs/puppy-high-five-o22WjU9bIgFWM"],"tags":[{"id":0,"name":"dog1"}],"status":"available"}

16:17:02.811 [main] DEBUG com.intuit.karate - response time in milliseconds: 656.95
1 < 200
1 < Access-Control-Allow-Headers: Content-Type, api_key, Authorization
1 < Access-Control-Allow-Methods: GET, POST, DELETE, PUT
1 < Access-Control-Allow-Origin: *
1 < Connection: close
1 < Content-Type: application/json
1 < Date: Fri, 25 Jan 2019 05:17:03 GMT
1 < Server: Jetty(9.2.9.v20150224)
{"id":1,"category":{"id":1,"name":"Pug"},"name":"Charlie Chaplin","photoUrls":["https://giphy.com/gifs/puppy-high-five-o22WjU9bIgFWM"],"tags":[{"id":0,"name":"dog1"}],"status":"available"}

16:17:02.826 [main] INFO  com.intuit.karate - karate.env system property was: null 
16:17:02.831 [main] DEBUG com.intuit.karate - request:
1 > GET https://petstore.swagger.io/v2/pet/1
1 > Accept-Encoding: gzip,deflate
1 > Connection: Keep-Alive
1 > Host: petstore.swagger.io
1 > User-Agent: Apache-HttpClient/4.5.5 (Java/1.8.0_131)

16:17:03.564 [main] DEBUG com.intuit.karate - response time in milliseconds: 730.84
1 < 200
1 < Access-Control-Allow-Headers: Content-Type, api_key, Authorization
1 < Access-Control-Allow-Methods: GET, POST, DELETE, PUT
1 < Access-Control-Allow-Origin: *
1 < Connection: close
1 < Content-Type: application/json
1 < Date: Fri, 25 Jan 2019 05:17:04 GMT
1 < Server: Jetty(9.2.9.v20150224)
{"id":1,"category":{"id":1,"name":"Pug"},"name":"Charlie Chaplin","photoUrls":["https://giphy.com/gifs/puppy-high-five-o22WjU9bIgFWM"],"tags":[{"id":0,"name":"dog1"}],"status":"available"}

09:52:10.774 [main] INFO  com.intuit.karate - karate.env system property was: null 
09:52:11.329 [main] DEBUG com.intuit.karate - request:
1 > POST https://petstore.swagger.io/v2/pet
1 > Accept-Encoding: gzip,deflate
1 > Connection: Keep-Alive
1 > Content-Length: 180
1 > Content-Type: application/json; charset=UTF-8
1 > Host: petstore.swagger.io
1 > User-Agent: Apache-HttpClient/4.5.5 (Java/1.8.0_131)
{"id":1,"category":{"id":1,"name":"Pug"},"name":"Charlie","photoUrls":["https://giphy.com/gifs/puppy-high-five-o22WjU9bIgFWM"],"tags":[{"id":0,"name":"dog1"}],"status":"available"}

09:52:12.762 [main] DEBUG com.intuit.karate - response time in milliseconds: 1428.45
1 < 200
1 < Access-Control-Allow-Headers: Content-Type, api_key, Authorization
1 < Access-Control-Allow-Methods: GET, POST, DELETE, PUT
1 < Access-Control-Allow-Origin: *
1 < Connection: close
1 < Content-Type: application/json
1 < Date: Tue, 29 Jan 2019 22:52:12 GMT
1 < Server: Jetty(9.2.9.v20150224)
{"id":1,"category":{"id":1,"name":"Pug"},"name":"Charlie","photoUrls":["https://giphy.com/gifs/puppy-high-five-o22WjU9bIgFWM"],"tags":[{"id":0,"name":"dog1"}],"status":"available"}

09:52:12.771 [main] INFO  com.intuit.karate - karate.env system property was: null 
09:52:12.773 [main] DEBUG com.intuit.karate - request:
1 > PUT https://petstore.swagger.io/v2/pet
1 > Accept-Encoding: gzip,deflate
1 > Connection: Keep-Alive
1 > Content-Length: 188
1 > Content-Type: application/json; charset=UTF-8
1 > Host: petstore.swagger.io
1 > User-Agent: Apache-HttpClient/4.5.5 (Java/1.8.0_131)
{"id":1,"category":{"id":1,"name":"Pug"},"name":"Charlie Chaplin","photoUrls":["https://giphy.com/gifs/puppy-high-five-o22WjU9bIgFWM"],"tags":[{"id":0,"name":"dog1"}],"status":"available"}

09:52:13.902 [main] DEBUG com.intuit.karate - response time in milliseconds: 1127.88
1 < 200
1 < Access-Control-Allow-Headers: Content-Type, api_key, Authorization
1 < Access-Control-Allow-Methods: GET, POST, DELETE, PUT
1 < Access-Control-Allow-Origin: *
1 < Connection: close
1 < Content-Type: application/json
1 < Date: Tue, 29 Jan 2019 22:52:13 GMT
1 < Server: Jetty(9.2.9.v20150224)
{"id":1,"category":{"id":1,"name":"Pug"},"name":"Charlie Chaplin","photoUrls":["https://giphy.com/gifs/puppy-high-five-o22WjU9bIgFWM"],"tags":[{"id":0,"name":"dog1"}],"status":"available"}

09:52:13.916 [main] INFO  com.intuit.karate - karate.env system property was: null 
09:52:13.923 [main] DEBUG com.intuit.karate - request:
1 > GET https://petstore.swagger.io/v2/pet/1
1 > Accept-Encoding: gzip,deflate
1 > Connection: Keep-Alive
1 > Host: petstore.swagger.io
1 > User-Agent: Apache-HttpClient/4.5.5 (Java/1.8.0_131)

09:52:14.632 [main] DEBUG com.intuit.karate - response time in milliseconds: 707.71
1 < 200
1 < Access-Control-Allow-Headers: Content-Type, api_key, Authorization
1 < Access-Control-Allow-Methods: GET, POST, DELETE, PUT
1 < Access-Control-Allow-Origin: *
1 < Connection: close
1 < Content-Type: application/json
1 < Date: Tue, 29 Jan 2019 22:52:14 GMT
1 < Server: Jetty(9.2.9.v20150224)
{"id":1,"category":{"id":1,"name":"Pug"},"name":"Charlie Chaplin","photoUrls":["https://giphy.com/gifs/puppy-high-five-o22WjU9bIgFWM"],"tags":[{"id":0,"name":"dog1"}],"status":"available"}

